{"/Volumes/ExtremeSSD/projects/Personal_projects/NotaktoMisere/App.tsx": {"path":"/Volumes/ExtremeSSD/projects/Personal_projects/NotaktoMisere/App.tsx","statementMap":{"0":{"start":{"line":34,"column":4},"end":{"line":58,"column":1}},"1":{"start":{"line":35,"column":21},"end":{"line":35,"column":48}},"2":{"start":{"line":36,"column":2},"end":{"line":57,"column":4}},"3":{"start":{"line":60,"column":12},"end":{"line":99,"column":1}},"4":{"start":{"line":61,"column":21},"end":{"line":61,"column":48}},"5":{"start":{"line":63,"column":26},"end":{"line":65,"column":3}},"6":{"start":{"line":67,"column":2},"end":{"line":98,"column":4}},"7":{"start":{"line":101,"column":15},"end":{"line":118,"column":2}}},"fnMap":{"0":{"name":"(anonymous_0)","decl":{"start":{"line":34,"column":4},"end":{"line":34,"column":5}},"loc":{"start":{"line":34,"column":27},"end":{"line":58,"column":1}},"line":34},"1":{"name":"(anonymous_1)","decl":{"start":{"line":60,"column":12},"end":{"line":60,"column":13}},"loc":{"start":{"line":60,"column":18},"end":{"line":99,"column":1}},"line":60}},"branchMap":{"0":{"loc":{"start":{"line":42,"column":19},"end":{"line":42,"column":59}},"type":"cond-expr","locations":[{"start":{"line":42,"column":32},"end":{"line":42,"column":44}},{"start":{"line":42,"column":47},"end":{"line":42,"column":59}}],"line":42},"1":{"loc":{"start":{"line":51,"column":19},"end":{"line":51,"column":58}},"type":"cond-expr","locations":[{"start":{"line":51,"column":32},"end":{"line":51,"column":44}},{"start":{"line":51,"column":47},"end":{"line":51,"column":58}}],"line":51},"2":{"loc":{"start":{"line":64,"column":21},"end":{"line":64,"column":64}},"type":"cond-expr","locations":[{"start":{"line":64,"column":34},"end":{"line":64,"column":47}},{"start":{"line":64,"column":50},"end":{"line":64,"column":64}}],"line":64},"3":{"loc":{"start":{"line":70,"column":18},"end":{"line":70,"column":63}},"type":"cond-expr","locations":[{"start":{"line":70,"column":31},"end":{"line":70,"column":46}},{"start":{"line":70,"column":49},"end":{"line":70,"column":63}}],"line":70},"4":{"loc":{"start":{"line":79,"column":29},"end":{"line":79,"column":69}},"type":"cond-expr","locations":[{"start":{"line":79,"column":42},"end":{"line":79,"column":54}},{"start":{"line":79,"column":57},"end":{"line":79,"column":69}}],"line":79}},"s":{"0":1,"1":4,"2":4,"3":1,"4":1,"5":1,"6":1,"7":1},"f":{"0":4,"1":1},"b":{"0":[0,4],"1":[0,4],"2":[0,1],"3":[0,1],"4":[0,1]},"_coverageSchema":"1a1c01bbd47fc00a2c39e90264f33305004495a9","hash":"357922ebbd170c254d5522e92accc3d48341bd92"}
,"/Volumes/ExtremeSSD/projects/Personal_projects/NotaktoMisere/lib/game/board.ts": {"path":"/Volumes/ExtremeSSD/projects/Personal_projects/NotaktoMisere/lib/game/board.ts","statementMap":{"0":{"start":{"line":15,"column":4},"end":{"line":15,"column":34}},"1":{"start":{"line":16,"column":4},"end":{"line":16,"column":34}},"2":{"start":{"line":17,"column":4},"end":{"line":17,"column":36}},"3":{"start":{"line":21,"column":4},"end":{"line":27,"column":8}},"4":{"start":{"line":24,"column":8},"end":{"line":26,"column":24}},"5":{"start":{"line":26,"column":21},"end":{"line":26,"column":23}},"6":{"start":{"line":31,"column":4},"end":{"line":31,"column":23}},"7":{"start":{"line":35,"column":18},"end":{"line":35,"column":29}},"8":{"start":{"line":36,"column":4},"end":{"line":40,"column":5}},"9":{"start":{"line":36,"column":17},"end":{"line":36,"column":18}},"10":{"start":{"line":37,"column":6},"end":{"line":39,"column":7}},"11":{"start":{"line":37,"column":19},"end":{"line":37,"column":20}},"12":{"start":{"line":38,"column":8},"end":{"line":38,"column":47}},"13":{"start":{"line":41,"column":4},"end":{"line":41,"column":17}},"14":{"start":{"line":45,"column":4},"end":{"line":47,"column":5}},"15":{"start":{"line":46,"column":6},"end":{"line":46,"column":32}},"16":{"start":{"line":49,"column":4},"end":{"line":51,"column":5}},"17":{"start":{"line":49,"column":38},"end":{"line":49,"column":55}},"18":{"start":{"line":50,"column":6},"end":{"line":50,"column":30}},"19":{"start":{"line":52,"column":4},"end":{"line":52,"column":43}},"20":{"start":{"line":56,"column":4},"end":{"line":58,"column":5}},"21":{"start":{"line":57,"column":6},"end":{"line":57,"column":56}},"22":{"start":{"line":59,"column":4},"end":{"line":61,"column":5}},"23":{"start":{"line":60,"column":6},"end":{"line":60,"column":56}},"24":{"start":{"line":62,"column":4},"end":{"line":64,"column":5}},"25":{"start":{"line":63,"column":6},"end":{"line":63,"column":36}},"26":{"start":{"line":65,"column":4},"end":{"line":65,"column":36}},"27":{"start":{"line":69,"column":4},"end":{"line":71,"column":5}},"28":{"start":{"line":70,"column":6},"end":{"line":70,"column":56}},"29":{"start":{"line":72,"column":4},"end":{"line":74,"column":5}},"30":{"start":{"line":73,"column":6},"end":{"line":73,"column":56}},"31":{"start":{"line":75,"column":4},"end":{"line":75,"column":27}},"32":{"start":{"line":79,"column":4},"end":{"line":79,"column":63}},"33":{"start":{"line":83,"column":4},"end":{"line":83,"column":36}},"34":{"start":{"line":87,"column":18},"end":{"line":87,"column":36}},"35":{"start":{"line":88,"column":31},"end":{"line":97,"column":5}},"36":{"start":{"line":98,"column":4},"end":{"line":100,"column":6}},"37":{"start":{"line":99,"column":6},"end":{"line":99,"column":46}},"38":{"start":{"line":99,"column":21},"end":{"line":99,"column":45}}},"fnMap":{"0":{"name":"(anonymous_0)","decl":{"start":{"line":14,"column":2},"end":{"line":14,"column":3}},"loc":{"start":{"line":14,"column":16},"end":{"line":18,"column":3}},"line":14},"1":{"name":"(anonymous_1)","decl":{"start":{"line":20,"column":2},"end":{"line":20,"column":3}},"loc":{"start":{"line":20,"column":23},"end":{"line":28,"column":3}},"line":20},"2":{"name":"(anonymous_2)","decl":{"start":{"line":23,"column":11},"end":{"line":23,"column":12}},"loc":{"start":{"line":24,"column":8},"end":{"line":26,"column":24}},"line":24},"3":{"name":"(anonymous_3)","decl":{"start":{"line":26,"column":15},"end":{"line":26,"column":16}},"loc":{"start":{"line":26,"column":21},"end":{"line":26,"column":23}},"line":26},"4":{"name":"(anonymous_4)","decl":{"start":{"line":30,"column":2},"end":{"line":30,"column":3}},"loc":{"start":{"line":30,"column":14},"end":{"line":32,"column":3}},"line":30},"5":{"name":"(anonymous_5)","decl":{"start":{"line":34,"column":2},"end":{"line":34,"column":3}},"loc":{"start":{"line":34,"column":17},"end":{"line":42,"column":3}},"line":34},"6":{"name":"(anonymous_6)","decl":{"start":{"line":44,"column":2},"end":{"line":44,"column":3}},"loc":{"start":{"line":44,"column":30},"end":{"line":53,"column":3}},"line":44},"7":{"name":"(anonymous_7)","decl":{"start":{"line":49,"column":33},"end":{"line":49,"column":34}},"loc":{"start":{"line":49,"column":38},"end":{"line":49,"column":55}},"line":49},"8":{"name":"(anonymous_8)","decl":{"start":{"line":55,"column":2},"end":{"line":55,"column":3}},"loc":{"start":{"line":55,"column":47},"end":{"line":66,"column":3}},"line":55},"9":{"name":"(anonymous_9)","decl":{"start":{"line":68,"column":2},"end":{"line":68,"column":3}},"loc":{"start":{"line":68,"column":42},"end":{"line":76,"column":3}},"line":68},"10":{"name":"(anonymous_10)","decl":{"start":{"line":78,"column":2},"end":{"line":78,"column":3}},"loc":{"start":{"line":78,"column":46},"end":{"line":80,"column":3}},"line":78},"11":{"name":"(anonymous_11)","decl":{"start":{"line":82,"column":2},"end":{"line":82,"column":3}},"loc":{"start":{"line":82,"column":23},"end":{"line":84,"column":3}},"line":82},"12":{"name":"(anonymous_12)","decl":{"start":{"line":86,"column":2},"end":{"line":86,"column":3}},"loc":{"start":{"line":86,"column":27},"end":{"line":101,"column":3}},"line":86},"13":{"name":"(anonymous_13)","decl":{"start":{"line":98,"column":35},"end":{"line":98,"column":36}},"loc":{"start":{"line":99,"column":6},"end":{"line":99,"column":46}},"line":99},"14":{"name":"(anonymous_14)","decl":{"start":{"line":99,"column":16},"end":{"line":99,"column":17}},"loc":{"start":{"line":99,"column":21},"end":{"line":99,"column":45}},"line":99}},"branchMap":{"0":{"loc":{"start":{"line":45,"column":4},"end":{"line":47,"column":5}},"type":"if","locations":[{"start":{"line":45,"column":4},"end":{"line":47,"column":5}},{"start":{},"end":{}}],"line":45},"1":{"loc":{"start":{"line":49,"column":4},"end":{"line":51,"column":5}},"type":"if","locations":[{"start":{"line":49,"column":4},"end":{"line":51,"column":5}},{"start":{},"end":{}}],"line":49},"2":{"loc":{"start":{"line":56,"column":4},"end":{"line":58,"column":5}},"type":"if","locations":[{"start":{"line":56,"column":4},"end":{"line":58,"column":5}},{"start":{},"end":{}}],"line":56},"3":{"loc":{"start":{"line":56,"column":8},"end":{"line":56,"column":34}},"type":"binary-expr","locations":[{"start":{"line":56,"column":8},"end":{"line":56,"column":13}},{"start":{"line":56,"column":17},"end":{"line":56,"column":34}}],"line":56},"4":{"loc":{"start":{"line":59,"column":4},"end":{"line":61,"column":5}},"type":"if","locations":[{"start":{"line":59,"column":4},"end":{"line":61,"column":5}},{"start":{},"end":{}}],"line":59},"5":{"loc":{"start":{"line":59,"column":8},"end":{"line":59,"column":34}},"type":"binary-expr","locations":[{"start":{"line":59,"column":8},"end":{"line":59,"column":13}},{"start":{"line":59,"column":17},"end":{"line":59,"column":34}}],"line":59},"6":{"loc":{"start":{"line":62,"column":4},"end":{"line":64,"column":5}},"type":"if","locations":[{"start":{"line":62,"column":4},"end":{"line":64,"column":5}},{"start":{},"end":{}}],"line":62},"7":{"loc":{"start":{"line":69,"column":4},"end":{"line":71,"column":5}},"type":"if","locations":[{"start":{"line":69,"column":4},"end":{"line":71,"column":5}},{"start":{},"end":{}}],"line":69},"8":{"loc":{"start":{"line":69,"column":8},"end":{"line":69,"column":34}},"type":"binary-expr","locations":[{"start":{"line":69,"column":8},"end":{"line":69,"column":13}},{"start":{"line":69,"column":17},"end":{"line":69,"column":34}}],"line":69},"9":{"loc":{"start":{"line":72,"column":4},"end":{"line":74,"column":5}},"type":"if","locations":[{"start":{"line":72,"column":4},"end":{"line":74,"column":5}},{"start":{},"end":{}}],"line":72},"10":{"loc":{"start":{"line":72,"column":8},"end":{"line":72,"column":34}},"type":"binary-expr","locations":[{"start":{"line":72,"column":8},"end":{"line":72,"column":13}},{"start":{"line":72,"column":17},"end":{"line":72,"column":34}}],"line":72},"11":{"loc":{"start":{"line":79,"column":11},"end":{"line":79,"column":62}},"type":"binary-expr","locations":[{"start":{"line":79,"column":11},"end":{"line":79,"column":25}},{"start":{"line":79,"column":29},"end":{"line":79,"column":62}}],"line":79}},"s":{"0":10,"1":10,"2":10,"3":485,"4":1455,"5":4365,"6":464,"7":0,"8":0,"9":0,"10":0,"11":0,"12":0,"13":0,"14":925,"15":470,"16":455,"17":4095,"18":1,"19":454,"20":833,"21":2,"22":831,"23":2,"24":829,"25":1,"26":828,"27":0,"28":0,"29":0,"30":0,"31":0,"32":0,"33":475,"34":3964,"35":3964,"36":3964,"37":19004,"38":28219},"f":{"0":10,"1":485,"2":1455,"3":4365,"4":464,"5":0,"6":925,"7":4095,"8":833,"9":0,"10":0,"11":475,"12":3964,"13":19004,"14":28219},"b":{"0":[470,455],"1":[1,454],"2":[2,831],"3":[833,832],"4":[2,829],"5":[831,830],"6":[1,828],"7":[0,0],"8":[0,0],"9":[0,0],"10":[0,0],"11":[0,0]},"_coverageSchema":"1a1c01bbd47fc00a2c39e90264f33305004495a9","hash":"df235fb02e472e4452b79a40e3e96dd0c4a84aee"}
,"/Volumes/ExtremeSSD/projects/Personal_projects/NotaktoMisere/lib/game/boardTestData.ts": {"path":"/Volumes/ExtremeSSD/projects/Personal_projects/NotaktoMisere/lib/game/boardTestData.ts","statementMap":{"0":{"start":{"line":8,"column":62},"end":{"line":1777,"column":1}},"1":{"start":{"line":1779,"column":60},"end":{"line":1844,"column":1}}},"fnMap":{},"branchMap":{},"s":{"0":1,"1":1},"f":{},"b":{},"_coverageSchema":"1a1c01bbd47fc00a2c39e90264f33305004495a9","hash":"83cdb77c88a833d4b16ad2c14c392af308d0dbd9"}
,"/Volumes/ExtremeSSD/projects/Personal_projects/NotaktoMisere/lib/game/boardValueMaping.ts": {"path":"/Volumes/ExtremeSSD/projects/Personal_projects/NotaktoMisere/lib/game/boardValueMaping.ts","statementMap":{"0":{"start":{"line":3,"column":26},"end":{"line":12,"column":1}},"1":{"start":{"line":4,"column":2},"end":{"line":6,"column":3}},"2":{"start":{"line":5,"column":4},"end":{"line":5,"column":15}},"3":{"start":{"line":7,"column":12},"end":{"line":7,"column":15}},"4":{"start":{"line":8,"column":2},"end":{"line":10,"column":3}},"5":{"start":{"line":9,"column":4},"end":{"line":9,"column":28}},"6":{"start":{"line":11,"column":2},"end":{"line":11,"column":13}},"7":{"start":{"line":14,"column":24},"end":{"line":18,"column":1}},"8":{"start":{"line":15,"column":13},"end":{"line":15,"column":48}},"9":{"start":{"line":16,"column":13},"end":{"line":16,"column":48}},"10":{"start":{"line":17,"column":2},"end":{"line":17,"column":40}},"11":{"start":{"line":19,"column":24},"end":{"line":23,"column":1}},"12":{"start":{"line":20,"column":13},"end":{"line":20,"column":48}},"13":{"start":{"line":21,"column":13},"end":{"line":21,"column":48}},"14":{"start":{"line":22,"column":2},"end":{"line":22,"column":40}},"15":{"start":{"line":24,"column":24},"end":{"line":28,"column":1}},"16":{"start":{"line":25,"column":14},"end":{"line":25,"column":68}},"17":{"start":{"line":26,"column":12},"end":{"line":26,"column":28}},"18":{"start":{"line":27,"column":2},"end":{"line":27,"column":40}},"19":{"start":{"line":29,"column":25},"end":{"line":33,"column":1}},"20":{"start":{"line":30,"column":13},"end":{"line":30,"column":67}},"21":{"start":{"line":31,"column":14},"end":{"line":31,"column":68}},"22":{"start":{"line":32,"column":2},"end":{"line":32,"column":41}},"23":{"start":{"line":34,"column":24},"end":{"line":38,"column":1}},"24":{"start":{"line":35,"column":14},"end":{"line":35,"column":68}},"25":{"start":{"line":36,"column":12},"end":{"line":36,"column":28}},"26":{"start":{"line":37,"column":2},"end":{"line":37,"column":40}},"27":{"start":{"line":39,"column":23},"end":{"line":43,"column":1}},"28":{"start":{"line":40,"column":13},"end":{"line":40,"column":67}},"29":{"start":{"line":41,"column":12},"end":{"line":41,"column":28}},"30":{"start":{"line":42,"column":2},"end":{"line":42,"column":39}},"31":{"start":{"line":44,"column":25},"end":{"line":48,"column":1}},"32":{"start":{"line":45,"column":13},"end":{"line":45,"column":48}},"33":{"start":{"line":46,"column":14},"end":{"line":46,"column":32}},"34":{"start":{"line":47,"column":2},"end":{"line":47,"column":41}},"35":{"start":{"line":50,"column":24},"end":{"line":58,"column":1}},"36":{"start":{"line":61,"column":12},"end":{"line":61,"column":15}},"37":{"start":{"line":62,"column":2},"end":{"line":69,"column":3}},"38":{"start":{"line":63,"column":22},"end":{"line":63,"column":65}},"39":{"start":{"line":63,"column":55},"end":{"line":63,"column":59}},"40":{"start":{"line":64,"column":4},"end":{"line":68,"column":5}},"41":{"start":{"line":65,"column":6},"end":{"line":65,"column":12}},"42":{"start":{"line":67,"column":6},"end":{"line":67,"column":24}},"43":{"start":{"line":70,"column":2},"end":{"line":70,"column":13}},"44":{"start":{"line":73,"column":27},"end":{"line":78,"column":1}},"45":{"start":{"line":80,"column":39},"end":{"line":93,"column":1}},"46":{"start":{"line":95,"column":39},"end":{"line":167,"column":1}},"47":{"start":{"line":169,"column":39},"end":{"line":301,"column":1}},"48":{"start":{"line":303,"column":39},"end":{"line":453,"column":1}},"49":{"start":{"line":455,"column":39},"end":{"line":509,"column":1}},"50":{"start":{"line":511,"column":39},"end":{"line":519,"column":1}},"51":{"start":{"line":521,"column":19},"end":{"line":528,"column":1}},"52":{"start":{"line":531,"column":15},"end":{"line":531,"column":27}},"53":{"start":{"line":532,"column":2},"end":{"line":536,"column":3}},"54":{"start":{"line":533,"column":4},"end":{"line":535,"column":5}},"55":{"start":{"line":533,"column":30},"end":{"line":533,"column":67}},"56":{"start":{"line":533,"column":43},"end":{"line":533,"column":66}},"57":{"start":{"line":534,"column":6},"end":{"line":534,"column":23}},"58":{"start":{"line":537,"column":2},"end":{"line":537,"column":44}}},"fnMap":{"0":{"name":"(anonymous_0)","decl":{"start":{"line":3,"column":26},"end":{"line":3,"column":27}},"loc":{"start":{"line":3,"column":77},"end":{"line":12,"column":1}},"line":3},"1":{"name":"(anonymous_1)","decl":{"start":{"line":14,"column":24},"end":{"line":14,"column":25}},"loc":{"start":{"line":14,"column":49},"end":{"line":18,"column":1}},"line":14},"2":{"name":"(anonymous_2)","decl":{"start":{"line":19,"column":24},"end":{"line":19,"column":25}},"loc":{"start":{"line":19,"column":49},"end":{"line":23,"column":1}},"line":19},"3":{"name":"(anonymous_3)","decl":{"start":{"line":24,"column":24},"end":{"line":24,"column":25}},"loc":{"start":{"line":24,"column":49},"end":{"line":28,"column":1}},"line":24},"4":{"name":"(anonymous_4)","decl":{"start":{"line":29,"column":25},"end":{"line":29,"column":26}},"loc":{"start":{"line":29,"column":50},"end":{"line":33,"column":1}},"line":29},"5":{"name":"(anonymous_5)","decl":{"start":{"line":34,"column":24},"end":{"line":34,"column":25}},"loc":{"start":{"line":34,"column":49},"end":{"line":38,"column":1}},"line":34},"6":{"name":"(anonymous_6)","decl":{"start":{"line":39,"column":23},"end":{"line":39,"column":24}},"loc":{"start":{"line":39,"column":48},"end":{"line":43,"column":1}},"line":39},"7":{"name":"(anonymous_7)","decl":{"start":{"line":44,"column":25},"end":{"line":44,"column":26}},"loc":{"start":{"line":44,"column":50},"end":{"line":48,"column":1}},"line":44},"8":{"name":"applyTransformations","decl":{"start":{"line":60,"column":16},"end":{"line":60,"column":36}},"loc":{"start":{"line":60,"column":58},"end":{"line":71,"column":1}},"line":60},"9":{"name":"(anonymous_9)","decl":{"start":{"line":63,"column":45},"end":{"line":63,"column":46}},"loc":{"start":{"line":63,"column":55},"end":{"line":63,"column":59}},"line":63},"10":{"name":"findInValueMapping","decl":{"start":{"line":530,"column":16},"end":{"line":530,"column":34}},"loc":{"start":{"line":530,"column":54},"end":{"line":538,"column":1}},"line":530},"11":{"name":"(anonymous_11)","decl":{"start":{"line":533,"column":25},"end":{"line":533,"column":26}},"loc":{"start":{"line":533,"column":30},"end":{"line":533,"column":67}},"line":533},"12":{"name":"(anonymous_12)","decl":{"start":{"line":533,"column":38},"end":{"line":533,"column":39}},"loc":{"start":{"line":533,"column":43},"end":{"line":533,"column":66}},"line":533}},"branchMap":{"0":{"loc":{"start":{"line":4,"column":2},"end":{"line":6,"column":3}},"type":"if","locations":[{"start":{"line":4,"column":2},"end":{"line":6,"column":3}},{"start":{},"end":{}}],"line":4},"1":{"loc":{"start":{"line":4,"column":6},"end":{"line":4,"column":28}},"type":"binary-expr","locations":[{"start":{"line":4,"column":6},"end":{"line":4,"column":15}},{"start":{"line":4,"column":19},"end":{"line":4,"column":28}}],"line":4},"2":{"loc":{"start":{"line":64,"column":4},"end":{"line":68,"column":5}},"type":"if","locations":[{"start":{"line":64,"column":4},"end":{"line":68,"column":5}},{"start":{"line":66,"column":11},"end":{"line":68,"column":5}}],"line":64},"3":{"loc":{"start":{"line":533,"column":4},"end":{"line":535,"column":5}},"type":"if","locations":[{"start":{"line":533,"column":4},"end":{"line":535,"column":5}},{"start":{},"end":{}}],"line":533}},"s":{"0":1,"1":112,"2":0,"3":112,"4":112,"5":17,"6":112,"7":1,"8":16,"9":16,"10":16,"11":1,"12":16,"13":16,"14":16,"15":1,"16":16,"17":16,"18":16,"19":1,"20":16,"21":16,"22":16,"23":1,"24":16,"25":16,"26":16,"27":1,"28":16,"29":16,"30":16,"31":1,"32":16,"33":16,"34":16,"35":1,"36":8,"37":8,"38":16,"39":112,"40":16,"41":8,"42":8,"43":8,"44":1,"45":1,"46":1,"47":1,"48":1,"49":1,"50":1,"51":1,"52":455,"53":455,"54":9350,"55":51854,"56":73718,"57":454,"58":1},"f":{"0":112,"1":16,"2":16,"3":16,"4":16,"5":16,"6":16,"7":16,"8":8,"9":112,"10":455,"11":51854,"12":73718},"b":{"0":[0,112],"1":[112,112],"2":[8,8],"3":[454,8896]},"_coverageSchema":"1a1c01bbd47fc00a2c39e90264f33305004495a9","hash":"a09402f823cf0bf166c6a69327e8e2fc6f3a9368"}
,"/Volumes/ExtremeSSD/projects/Personal_projects/NotaktoMisere/lib/game/definitions.ts": {"path":"/Volumes/ExtremeSSD/projects/Personal_projects/NotaktoMisere/lib/game/definitions.ts","statementMap":{"0":{"start":{"line":1,"column":30},"end":{"line":1,"column":31}},"1":{"start":{"line":2,"column":30},"end":{"line":2,"column":31}},"2":{"start":{"line":3,"column":27},"end":{"line":3,"column":30}},"3":{"start":{"line":4,"column":28},"end":{"line":4,"column":29}}},"fnMap":{},"branchMap":{},"s":{"0":1,"1":1,"2":1,"3":1},"f":{},"b":{},"_coverageSchema":"1a1c01bbd47fc00a2c39e90264f33305004495a9","hash":"b2838c64578d5a688ca30c6b898e3e7c9a53ee9d"}
}
