TN:
SF:App.tsx
FN:34,(anonymous_0)
FN:60,(anonymous_1)
FNF:2
FNH:2
FNDA:4,(anonymous_0)
FNDA:1,(anonymous_1)
DA:34,1
DA:35,4
DA:36,4
DA:60,1
DA:61,1
DA:63,1
DA:67,1
DA:101,1
LF:8
LH:8
BRDA:42,0,0,0
BRDA:42,0,1,4
BRDA:51,1,0,0
BRDA:51,1,1,4
BRDA:64,2,0,0
BRDA:64,2,1,1
BRDA:70,3,0,0
BRDA:70,3,1,1
BRDA:79,4,0,0
BRDA:79,4,1,1
BRF:10
BRH:5
end_of_record
TN:
SF:lib/game/board.ts
FN:14,(anonymous_0)
FN:20,(anonymous_1)
FN:23,(anonymous_2)
FN:26,(anonymous_3)
FN:30,(anonymous_4)
FN:34,(anonymous_5)
FN:44,(anonymous_6)
FN:49,(anonymous_7)
FN:55,(anonymous_8)
FN:68,(anonymous_9)
FN:78,(anonymous_10)
FN:82,(anonymous_11)
FN:86,(anonymous_12)
FN:98,(anonymous_13)
FN:99,(anonymous_14)
FNF:15
FNH:12
FNDA:10,(anonymous_0)
FNDA:485,(anonymous_1)
FNDA:1455,(anonymous_2)
FNDA:4365,(anonymous_3)
FNDA:464,(anonymous_4)
FNDA:0,(anonymous_5)
FNDA:925,(anonymous_6)
FNDA:4095,(anonymous_7)
FNDA:833,(anonymous_8)
FNDA:0,(anonymous_9)
FNDA:0,(anonymous_10)
FNDA:475,(anonymous_11)
FNDA:3964,(anonymous_12)
FNDA:19004,(anonymous_13)
FNDA:28219,(anonymous_14)
DA:15,10
DA:16,10
DA:17,10
DA:21,485
DA:24,1455
DA:26,4365
DA:31,464
DA:35,0
DA:36,0
DA:37,0
DA:38,0
DA:41,0
DA:45,925
DA:46,470
DA:49,4095
DA:50,1
DA:52,454
DA:56,833
DA:57,2
DA:59,831
DA:60,2
DA:62,829
DA:63,1
DA:65,828
DA:69,0
DA:70,0
DA:72,0
DA:73,0
DA:75,0
DA:79,0
DA:83,475
DA:87,3964
DA:88,3964
DA:98,3964
DA:99,28219
LF:35
LH:24
BRDA:45,0,0,470
BRDA:45,0,1,455
BRDA:49,1,0,1
BRDA:49,1,1,454
BRDA:56,2,0,2
BRDA:56,2,1,831
BRDA:56,3,0,833
BRDA:56,3,1,832
BRDA:59,4,0,2
BRDA:59,4,1,829
BRDA:59,5,0,831
BRDA:59,5,1,830
BRDA:62,6,0,1
BRDA:62,6,1,828
BRDA:69,7,0,0
BRDA:69,7,1,0
BRDA:69,8,0,0
BRDA:69,8,1,0
BRDA:72,9,0,0
BRDA:72,9,1,0
BRDA:72,10,0,0
BRDA:72,10,1,0
BRDA:79,11,0,0
BRDA:79,11,1,0
BRF:24
BRH:14
end_of_record
TN:
SF:lib/game/boardTestData.ts
FNF:0
FNH:0
DA:8,1
DA:1779,1
LF:2
LH:2
BRF:0
BRH:0
end_of_record
TN:
SF:lib/game/boardValueMaping.ts
FN:3,(anonymous_0)
FN:14,(anonymous_1)
FN:19,(anonymous_2)
FN:24,(anonymous_3)
FN:29,(anonymous_4)
FN:34,(anonymous_5)
FN:39,(anonymous_6)
FN:44,(anonymous_7)
FN:60,applyTransformations
FN:63,(anonymous_9)
FN:530,findInValueMapping
FN:533,(anonymous_11)
FN:533,(anonymous_12)
FNF:13
FNH:13
FNDA:112,(anonymous_0)
FNDA:16,(anonymous_1)
FNDA:16,(anonymous_2)
FNDA:16,(anonymous_3)
FNDA:16,(anonymous_4)
FNDA:16,(anonymous_5)
FNDA:16,(anonymous_6)
FNDA:16,(anonymous_7)
FNDA:8,applyTransformations
FNDA:112,(anonymous_9)
FNDA:455,findInValueMapping
FNDA:51854,(anonymous_11)
FNDA:73718,(anonymous_12)
DA:3,1
DA:4,112
DA:5,0
DA:7,112
DA:8,112
DA:9,17
DA:11,112
DA:14,1
DA:15,16
DA:16,16
DA:17,16
DA:19,1
DA:20,16
DA:21,16
DA:22,16
DA:24,1
DA:25,16
DA:26,16
DA:27,16
DA:29,1
DA:30,16
DA:31,16
DA:32,16
DA:34,1
DA:35,16
DA:36,16
DA:37,16
DA:39,1
DA:40,16
DA:41,16
DA:42,16
DA:44,1
DA:45,16
DA:46,16
DA:47,16
DA:50,1
DA:61,8
DA:62,8
DA:63,112
DA:64,16
DA:65,8
DA:67,8
DA:70,8
DA:73,1
DA:80,1
DA:95,1
DA:169,1
DA:303,1
DA:455,1
DA:511,1
DA:521,1
DA:531,455
DA:532,455
DA:533,73718
DA:534,454
DA:537,1
LF:56
LH:55
BRDA:4,0,0,0
BRDA:4,0,1,112
BRDA:4,1,0,112
BRDA:4,1,1,112
BRDA:64,2,0,8
BRDA:64,2,1,8
BRDA:533,3,0,454
BRDA:533,3,1,8896
BRF:8
BRH:7
end_of_record
TN:
SF:lib/game/definitions.ts
FNF:0
FNH:0
DA:1,1
DA:2,1
DA:3,1
DA:4,1
LF:4
LH:4
BRF:0
BRH:0
end_of_record
